<?xml version="1.0" encoding="UTF-8"?>
<testng-results skipped="0" failed="0" ignored="0" total="1" passed="1">
  <reporter-output>
  </reporter-output>
  <suite name="Default suite" duration-ms="29149" started-at="2019-03-31T04:55:08Z" finished-at="2019-03-31T04:55:38Z">
    <groups>
    </groups>
    <test name="Default test" duration-ms="29149" started-at="2019-03-31T04:55:08Z" finished-at="2019-03-31T04:55:38Z">
      <class name="com.flightbook.TestBase.TestBase">
        <test-method status="PASS" signature="init()[pri:0, instance:com.flightbook.TestBase.TestBase@18be83e4]" name="init" duration-ms="29124" started-at="2019-03-31T04:55:08Z" finished-at="2019-03-31T04:55:38Z">
          <reporter-output>
          </reporter-output>
        </test-method> <!-- init -->
      </class> <!-- com.flightbook.TestBase.TestBase -->
    </test> <!-- Default test -->
  </suite> <!-- Default suite -->
</testng-results>
